2022-04-15 17:06:56,170:INFO:PyCaret NLP Module
2022-04-15 17:06:56,170:INFO:version 2.3.10
2022-04-15 17:06:56,170:INFO:Initializing setup()
2022-04-15 17:06:56,170:INFO:USI: 0cd7
2022-04-15 17:06:56,170:INFO:setup(data=(44898, 5), target=text, custom_stopwords=None, html=True, session_id=None, log_experiment=False,
                    experiment_name=None, log_plots=False, log_data=False, verbose=True)
2022-04-15 17:06:56,170:INFO:Checking environment
2022-04-15 17:06:56,170:INFO:python_version: 3.7.11
2022-04-15 17:06:56,170:INFO:python_build: ('default', 'Jul 27 2021 14:32:16')
2022-04-15 17:06:56,170:INFO:machine: x86_64
2022-04-15 17:06:56,170:INFO:platform: Linux-5.13.0-39-generic-x86_64-with-debian-bullseye-sid
2022-04-15 17:06:56,170:INFO:Memory: svmem(total=11586699264, available=7898615808, percent=31.8, used=3303428096, free=1953935360, active=2628542464, inactive=6462767104, buffers=267689984, cached=6061645824, shared=71032832, slab=411099136)
2022-04-15 17:06:56,171:INFO:Physical Core: 6
2022-04-15 17:06:56,171:INFO:Logical Core: 6
2022-04-15 17:06:56,171:INFO:Checking libraries
2022-04-15 17:06:56,171:INFO:pd==1.3.4
2022-04-15 17:06:56,171:INFO:numpy==1.21.2
2022-04-15 17:06:56,205:INFO:gensim==3.8.3
2022-04-15 17:06:56,341:INFO:spacy==2.3.7
2022-04-15 17:06:56,704:INFO:nltk==3.7
2022-04-15 17:06:56,723:INFO:textblob==0.17.1
2022-04-15 17:06:56,737:INFO:pyLDAvis==3.2.2
2022-04-15 17:06:56,742:INFO:wordcloud==1.8.1
2022-04-15 17:06:56,742:INFO:mlflow==1.25.1
2022-04-15 17:06:56,742:INFO:Checking Exceptions
2022-04-15 17:36:35,252:INFO:PyCaret NLP Module
2022-04-15 17:36:35,253:INFO:version 2.3.10
2022-04-15 17:36:35,253:INFO:Initializing setup()
2022-04-15 17:36:35,253:INFO:USI: 771e
2022-04-15 17:36:35,253:INFO:setup(data=(10000, 5), target=text, custom_stopwords=None, html=True, session_id=None, log_experiment=False,
                    experiment_name=None, log_plots=False, log_data=False, verbose=True)
2022-04-15 17:36:35,253:INFO:Checking environment
2022-04-15 17:36:35,253:INFO:python_version: 3.7.11
2022-04-15 17:36:35,253:INFO:python_build: ('default', 'Jul 27 2021 14:32:16')
2022-04-15 17:36:35,253:INFO:machine: x86_64
2022-04-15 17:36:35,253:INFO:platform: Linux-5.13.0-39-generic-x86_64-with-debian-bullseye-sid
2022-04-15 17:36:35,254:INFO:Memory: svmem(total=9185488896, available=6401200128, percent=30.3, used=2441904128, free=2660491264, active=849825792, inactive=5325623296, buffers=164216832, cached=3918876672, shared=51855360, slab=233181184)
2022-04-15 17:36:35,254:INFO:Physical Core: 6
2022-04-15 17:36:35,254:INFO:Logical Core: 6
2022-04-15 17:36:35,254:INFO:Checking libraries
2022-04-15 17:36:35,254:INFO:pd==1.3.4
2022-04-15 17:36:35,254:INFO:numpy==1.19.5
2022-04-15 17:36:35,363:INFO:gensim==3.8.3
2022-04-15 17:36:35,692:INFO:spacy==2.3.7
2022-04-15 17:36:36,102:INFO:nltk==3.7
2022-04-15 17:36:36,130:INFO:textblob==0.17.1
2022-04-15 17:36:36,152:INFO:pyLDAvis==3.2.2
2022-04-15 17:36:36,162:INFO:wordcloud==1.8.1
2022-04-15 17:36:36,162:INFO:mlflow==1.25.1
2022-04-15 17:36:36,162:INFO:Checking Exceptions
2022-04-15 17:50:04,386:INFO:PyCaret NLP Module
2022-04-15 17:50:04,387:INFO:version 2.3.10
2022-04-15 17:50:04,388:INFO:Initializing setup()
2022-04-15 17:50:04,388:INFO:USI: 1f5a
2022-04-15 17:50:04,389:INFO:setup(data=(10000, 5), target=text, custom_stopwords=None, html=True, session_id=None, log_experiment=False,
                    experiment_name=None, log_plots=False, log_data=False, verbose=True)
2022-04-15 17:50:04,390:INFO:Checking environment
2022-04-15 17:50:04,390:INFO:python_version: 3.7.11
2022-04-15 17:50:04,391:INFO:python_build: ('default', 'Jul 27 2021 14:32:16')
2022-04-15 17:50:04,392:INFO:machine: x86_64
2022-04-15 17:50:04,392:INFO:platform: Linux-5.13.0-39-generic-x86_64-with-debian-bullseye-sid
2022-04-15 17:50:04,393:INFO:Memory: svmem(total=9185488896, available=6364004352, percent=30.7, used=2478559232, free=2585530368, active=860950528, inactive=5384200192, buffers=166903808, cached=3954495488, shared=51122176, slab=236699648)
2022-04-15 17:50:04,394:INFO:Physical Core: 6
2022-04-15 17:50:04,394:INFO:Logical Core: 6
2022-04-15 17:50:04,395:INFO:Checking libraries
2022-04-15 17:50:04,396:INFO:pd==1.3.4
2022-04-15 17:50:04,396:INFO:numpy==1.19.5
2022-04-15 17:50:04,396:INFO:gensim==3.8.3
2022-04-15 17:50:04,397:INFO:spacy==2.3.7
2022-04-15 17:50:04,398:INFO:nltk==3.7
2022-04-15 17:50:04,398:INFO:textblob==0.17.1
2022-04-15 17:50:04,399:INFO:pyLDAvis==3.2.2
2022-04-15 17:50:04,399:INFO:wordcloud==1.8.1
2022-04-15 17:50:04,400:INFO:mlflow==1.25.1
2022-04-15 17:50:04,400:INFO:Checking Exceptions
2022-04-15 17:55:10,672:INFO:PyCaret NLP Module
2022-04-15 17:55:10,672:INFO:version 2.3.10
2022-04-15 17:55:10,673:INFO:Initializing setup()
2022-04-15 17:55:10,673:INFO:USI: d928
2022-04-15 17:55:10,674:INFO:setup(data=(10000, 5), target=text, custom_stopwords=None, html=True, session_id=None, log_experiment=False,
                    experiment_name=None, log_plots=False, log_data=False, verbose=True)
2022-04-15 17:55:10,674:INFO:Checking environment
2022-04-15 17:55:10,674:INFO:python_version: 3.7.11
2022-04-15 17:55:10,675:INFO:python_build: ('default', 'Jul 27 2021 14:32:16')
2022-04-15 17:55:10,675:INFO:machine: x86_64
2022-04-15 17:55:10,676:INFO:platform: Linux-5.13.0-39-generic-x86_64-with-debian-bullseye-sid
2022-04-15 17:55:10,713:INFO:Memory: svmem(total=9185488896, available=6345482240, percent=30.9, used=2494910464, free=2565804032, active=867823616, inactive=5398286336, buffers=167428096, cached=3957346304, shared=53256192, slab=236797952)
2022-04-15 17:55:10,714:INFO:Physical Core: 6
2022-04-15 17:55:10,715:INFO:Logical Core: 6
2022-04-15 17:55:10,715:INFO:Checking libraries
2022-04-15 17:55:10,716:INFO:pd==1.3.4
2022-04-15 17:55:10,716:INFO:numpy==1.19.5
2022-04-15 17:55:10,716:INFO:gensim==3.8.3
2022-04-15 17:55:10,717:INFO:spacy==2.3.7
2022-04-15 17:55:10,717:INFO:nltk==3.7
2022-04-15 17:55:10,718:INFO:textblob==0.17.1
2022-04-15 17:55:10,718:INFO:pyLDAvis==3.2.2
2022-04-15 17:55:10,719:INFO:wordcloud==1.8.1
2022-04-15 17:55:10,719:INFO:mlflow==1.25.1
2022-04-15 17:55:10,720:INFO:Checking Exceptions
2022-04-15 18:16:28,350:INFO:PyCaret NLP Module
2022-04-15 18:16:28,351:INFO:version 2.3.10
2022-04-15 18:16:28,352:INFO:Initializing setup()
2022-04-15 18:16:28,352:INFO:USI: a36e
2022-04-15 18:16:28,353:INFO:setup(data=(10000, 5), target=text, custom_stopwords=None, html=True, session_id=None, log_experiment=False,
                    experiment_name=None, log_plots=False, log_data=False, verbose=True)
2022-04-15 18:16:28,354:INFO:Checking environment
2022-04-15 18:16:28,354:INFO:python_version: 3.7.11
2022-04-15 18:16:28,355:INFO:python_build: ('default', 'Jul 27 2021 14:32:16')
2022-04-15 18:16:28,355:INFO:machine: x86_64
2022-04-15 18:16:28,355:INFO:platform: Linux-5.13.0-39-generic-x86_64-with-debian-bullseye-sid
2022-04-15 18:16:28,356:INFO:Memory: svmem(total=9185488896, available=6131744768, percent=33.2, used=2688647168, free=1485053952, active=1122975744, inactive=6144548864, buffers=249499648, cached=4762288128, shared=59768832, slab=315539456)
2022-04-15 18:16:28,357:INFO:Physical Core: 6
2022-04-15 18:16:28,358:INFO:Logical Core: 6
2022-04-15 18:16:28,358:INFO:Checking libraries
2022-04-15 18:16:28,358:INFO:pd==1.3.4
2022-04-15 18:16:28,359:INFO:numpy==1.19.5
2022-04-15 18:16:28,359:INFO:gensim==3.8.3
2022-04-15 18:16:28,360:INFO:spacy==2.3.7
2022-04-15 18:16:28,360:INFO:nltk==3.7
2022-04-15 18:16:28,361:INFO:textblob==0.17.1
2022-04-15 18:16:28,361:INFO:pyLDAvis==3.2.2
2022-04-15 18:16:28,362:INFO:wordcloud==1.8.1
2022-04-15 18:16:28,362:INFO:mlflow==1.25.1
2022-04-15 18:16:28,363:INFO:Checking Exceptions
2022-04-15 18:19:46,778:INFO:PyCaret NLP Module
2022-04-15 18:19:46,779:INFO:version 2.3.10
2022-04-15 18:19:46,780:INFO:Initializing setup()
2022-04-15 18:19:46,780:INFO:USI: 6143
2022-04-15 18:19:46,781:INFO:setup(data=(10000, 5), target=text, custom_stopwords=None, html=True, session_id=123, log_experiment=False,
                    experiment_name=None, log_plots=False, log_data=False, verbose=True)
2022-04-15 18:19:46,781:INFO:Checking environment
2022-04-15 18:19:46,782:INFO:python_version: 3.7.11
2022-04-15 18:19:46,782:INFO:python_build: ('default', 'Jul 27 2021 14:32:16')
2022-04-15 18:19:46,783:INFO:machine: x86_64
2022-04-15 18:19:46,784:INFO:platform: Linux-5.13.0-39-generic-x86_64-with-debian-bullseye-sid
2022-04-15 18:19:46,784:INFO:Memory: svmem(total=9185488896, available=6126985216, percent=33.3, used=2693734400, free=1477853184, active=1123774464, inactive=6152040448, buffers=250130432, cached=4763770880, shared=59424768, slab=316329984)
2022-04-15 18:19:46,785:INFO:Physical Core: 6
2022-04-15 18:19:46,786:INFO:Logical Core: 6
2022-04-15 18:19:46,787:INFO:Checking libraries
2022-04-15 18:19:46,787:INFO:pd==1.3.4
2022-04-15 18:19:46,788:INFO:numpy==1.19.5
2022-04-15 18:19:46,788:INFO:gensim==3.8.3
2022-04-15 18:19:46,789:INFO:spacy==2.3.7
2022-04-15 18:19:46,789:INFO:nltk==3.7
2022-04-15 18:19:46,790:INFO:textblob==0.17.1
2022-04-15 18:19:46,790:INFO:pyLDAvis==3.2.2
2022-04-15 18:19:46,791:INFO:wordcloud==1.8.1
2022-04-15 18:19:46,791:INFO:mlflow==1.25.1
2022-04-15 18:19:46,791:INFO:Checking Exceptions
2022-04-15 18:25:17,518:INFO:PyCaret Supervised Module
2022-04-15 18:25:17,519:INFO:ML Usecase: classification
2022-04-15 18:25:17,519:INFO:version 2.3.10
2022-04-15 18:25:17,520:INFO:Initializing setup()
2022-04-15 18:25:17,521:INFO:setup(target=text, ml_usecase=classification, available_plots={'parameter': 'Hyperparameters', 'auc': 'AUC', 'confusion_matrix': 'Confusion Matrix', 'threshold': 'Threshold', 'pr': 'Precision Recall', 'error': 'Prediction Error', 'class_report': 'Class Report', 'rfe': 'Feature Selection', 'learning': 'Learning Curve', 'manifold': 'Manifold Learning', 'calibration': 'Calibration Curve', 'vc': 'Validation Curve', 'dimension': 'Dimensions', 'feature': 'Feature Importance', 'feature_all': 'Feature Importance (All)', 'boundary': 'Decision Boundary', 'lift': 'Lift Chart', 'gain': 'Gain Chart', 'tree': 'Decision Tree', 'ks': 'KS Statistic Plot'}, train_size=0.7, test_data=None, preprocess=True, imputation_type=simple, iterative_imputation_iters=5, categorical_features=None, categorical_imputation=constant, categorical_iterative_imputer=lightgbm, ordinal_features=None, high_cardinality_features=None, high_cardinality_method=frequency, numeric_features=None, numeric_imputation=mean, numeric_iterative_imputer=lightgbm, date_features=None, ignore_features=None, normalize=False, normalize_method=zscore, transformation=False, transformation_method=yeo-johnson, handle_unknown_categorical=True, unknown_categorical_method=least_frequent, pca=False, pca_method=linear, pca_components=None, ignore_low_variance=False, combine_rare_levels=False, rare_level_threshold=0.1, bin_numeric_features=None, remove_outliers=False, outliers_threshold=0.05, remove_multicollinearity=False, multicollinearity_threshold=0.9, remove_perfect_collinearity=True, create_clusters=False, cluster_iter=20, polynomial_features=False, polynomial_degree=2, trigonometry_features=False, polynomial_threshold=0.1, group_features=None, group_names=None, feature_selection=False, feature_selection_threshold=0.8, feature_selection_method=classic, feature_interaction=False, feature_ratio=False, interaction_threshold=0.01, fix_imbalance=False, fix_imbalance_method=None, transform_target=False, transform_target_method=box-cox, data_split_shuffle=True, data_split_stratify=False, fold_strategy=stratifiedkfold, fold=10, fold_shuffle=False, fold_groups=None, n_jobs=-1, use_gpu=False, custom_pipeline=None, html=True, session_id=123, log_experiment=False, experiment_name=None, experiment_custom_tags=None, log_plots=False, log_profile=False, log_data=False, silent=False, verbose=True, profile=False, profile_kwargs=None, display=None)
2022-04-15 18:25:17,521:INFO:Checking environment
2022-04-15 18:25:17,521:INFO:python_version: 3.7.11
2022-04-15 18:25:17,522:INFO:python_build: ('default', 'Jul 27 2021 14:32:16')
2022-04-15 18:25:17,522:INFO:machine: x86_64
2022-04-15 18:25:17,523:INFO:platform: Linux-5.13.0-39-generic-x86_64-with-debian-bullseye-sid
2022-04-15 18:25:17,523:INFO:Memory: svmem(total=9185488896, available=6081605632, percent=33.8, used=2739109888, free=1373564928, active=1125048320, inactive=6252457984, buffers=250826752, cached=4821987328, shared=59428864, slab=317636608)
2022-04-15 18:25:17,525:INFO:Physical Core: 6
2022-04-15 18:25:17,525:INFO:Logical Core: 6
2022-04-15 18:25:17,526:INFO:Checking libraries
2022-04-15 18:25:17,526:INFO:pd==1.3.4
2022-04-15 18:25:17,526:INFO:numpy==1.19.5
2022-04-15 18:25:17,527:INFO:sklearn==0.23.2
2022-04-15 18:25:17,527:INFO:lightgbm==3.3.2
2022-04-15 18:25:17,528:WARNING:catboost not found
2022-04-15 18:25:17,528:WARNING:xgboost not found
2022-04-15 18:25:17,529:INFO:mlflow==1.25.1
2022-04-15 18:25:17,529:INFO:Checking Exceptions
2022-04-15 18:25:17,529:INFO:Declaring global variables
2022-04-15 18:25:17,530:INFO:USI: 7899
2022-04-15 18:25:17,530:INFO:pycaret_globals: {'y', 'transform_target_method_param', 'fix_imbalance_param', '_all_models', 'y_test', '_all_metrics', 'n_jobs_param', '_all_models_internal', 'prep_pipe', '_gpu_n_jobs_param', 'transform_target_param', 'fix_imbalance_method_param', 'seed', 'exp_name_log', 'log_plots_param', 'y_train', 'stratify_param', 'fold_generator', 'fold_groups_param_full', 'data_before_preprocess', 'X_train', 'create_model_container', 'display_container', 'gpu_param', '_ml_usecase', 'html_param', 'master_model_container', 'imputation_classifier', 'fold_param', 'pycaret_globals', 'X', 'dashboard_logger', 'fold_shuffle_param', 'iterative_imputation_iters_param', 'logging_param', 'X_test', '_available_plots', '_internal_pipeline', 'target_param', 'imputation_regressor', 'fold_groups_param', 'USI', 'experiment__'}
2022-04-15 18:25:17,531:INFO:Preparing display monitor
2022-04-15 18:25:17,531:INFO:Preparing display monitor
2022-04-15 18:25:17,545:INFO:Importing libraries
2022-04-15 18:25:17,547:INFO:Copying data for preprocessing
2022-04-15 18:25:17,556:INFO:Declaring preprocessing parameters
2022-04-15 18:25:17,559:INFO:Creating preprocessing pipeline
2022-04-15 18:25:17,674:INFO:Preprocessing pipeline created successfully
2022-04-15 18:25:17,675:ERROR:(Process Exit): setup has been interupted with user command 'quit'. setup must rerun.
2022-04-15 18:25:17,676:INFO:Creating global containers
2022-04-15 18:25:17,677:INFO:Internal pipeline: Pipeline(memory=None, steps=[('empty_step', 'passthrough')], verbose=False)
2022-04-15 18:29:36,440:INFO:PyCaret Supervised Module
2022-04-15 18:29:36,446:INFO:ML Usecase: classification
2022-04-15 18:29:36,447:INFO:version 2.3.10
2022-04-15 18:29:36,448:INFO:Initializing setup()
2022-04-15 18:29:36,448:INFO:setup(target=real, ml_usecase=classification, available_plots={'parameter': 'Hyperparameters', 'auc': 'AUC', 'confusion_matrix': 'Confusion Matrix', 'threshold': 'Threshold', 'pr': 'Precision Recall', 'error': 'Prediction Error', 'class_report': 'Class Report', 'rfe': 'Feature Selection', 'learning': 'Learning Curve', 'manifold': 'Manifold Learning', 'calibration': 'Calibration Curve', 'vc': 'Validation Curve', 'dimension': 'Dimensions', 'feature': 'Feature Importance', 'feature_all': 'Feature Importance (All)', 'boundary': 'Decision Boundary', 'lift': 'Lift Chart', 'gain': 'Gain Chart', 'tree': 'Decision Tree', 'ks': 'KS Statistic Plot'}, train_size=0.7, test_data=None, preprocess=True, imputation_type=simple, iterative_imputation_iters=5, categorical_features=None, categorical_imputation=constant, categorical_iterative_imputer=lightgbm, ordinal_features=None, high_cardinality_features=None, high_cardinality_method=frequency, numeric_features=None, numeric_imputation=mean, numeric_iterative_imputer=lightgbm, date_features=None, ignore_features=None, normalize=False, normalize_method=zscore, transformation=False, transformation_method=yeo-johnson, handle_unknown_categorical=True, unknown_categorical_method=least_frequent, pca=False, pca_method=linear, pca_components=None, ignore_low_variance=False, combine_rare_levels=False, rare_level_threshold=0.1, bin_numeric_features=None, remove_outliers=False, outliers_threshold=0.05, remove_multicollinearity=False, multicollinearity_threshold=0.9, remove_perfect_collinearity=True, create_clusters=False, cluster_iter=20, polynomial_features=False, polynomial_degree=2, trigonometry_features=False, polynomial_threshold=0.1, group_features=None, group_names=None, feature_selection=False, feature_selection_threshold=0.8, feature_selection_method=classic, feature_interaction=False, feature_ratio=False, interaction_threshold=0.01, fix_imbalance=False, fix_imbalance_method=None, transform_target=False, transform_target_method=box-cox, data_split_shuffle=True, data_split_stratify=False, fold_strategy=stratifiedkfold, fold=10, fold_shuffle=False, fold_groups=None, n_jobs=-1, use_gpu=False, custom_pipeline=None, html=True, session_id=123, log_experiment=False, experiment_name=None, experiment_custom_tags=None, log_plots=False, log_profile=False, log_data=False, silent=False, verbose=True, profile=False, profile_kwargs=None, display=None)
2022-04-15 18:29:36,449:INFO:Checking environment
2022-04-15 18:29:36,452:INFO:python_version: 3.7.11
2022-04-15 18:29:36,453:INFO:python_build: ('default', 'Jul 27 2021 14:32:16')
2022-04-15 18:29:36,454:INFO:machine: x86_64
2022-04-15 18:29:36,455:INFO:platform: Linux-5.13.0-39-generic-x86_64-with-debian-bullseye-sid
2022-04-15 18:29:36,457:INFO:Memory: svmem(total=9185488896, available=7317819392, percent=20.3, used=1557622784, free=7205224448, active=395825152, inactive=1331388416, buffers=43569152, cached=379072512, shared=54906880, slab=142811136)
2022-04-15 18:29:36,461:INFO:Physical Core: 6
2022-04-15 18:29:36,462:INFO:Logical Core: 6
2022-04-15 18:29:36,462:INFO:Checking libraries
2022-04-15 18:29:36,466:INFO:pd==1.3.4
2022-04-15 18:29:36,466:INFO:numpy==1.19.5
2022-04-15 18:29:36,466:INFO:sklearn==0.23.2
2022-04-15 18:29:36,473:INFO:lightgbm==3.3.2
2022-04-15 18:29:36,483:WARNING:catboost not found
2022-04-15 18:29:36,485:WARNING:xgboost not found
2022-04-15 18:29:36,485:INFO:mlflow==1.25.1
2022-04-15 18:29:36,486:INFO:Checking Exceptions
2022-04-15 18:29:36,488:INFO:Declaring global variables
2022-04-15 18:29:36,490:INFO:USI: be4f
2022-04-15 18:29:36,490:INFO:pycaret_globals: {'y', 'transform_target_method_param', 'fix_imbalance_param', '_all_models', 'y_test', '_all_metrics', 'n_jobs_param', '_all_models_internal', 'prep_pipe', '_gpu_n_jobs_param', 'transform_target_param', 'fix_imbalance_method_param', 'seed', 'exp_name_log', 'log_plots_param', 'y_train', 'stratify_param', 'fold_generator', 'fold_groups_param_full', 'data_before_preprocess', 'X_train', 'create_model_container', 'display_container', 'gpu_param', '_ml_usecase', 'html_param', 'master_model_container', 'imputation_classifier', 'fold_param', 'pycaret_globals', 'X', 'dashboard_logger', 'fold_shuffle_param', 'iterative_imputation_iters_param', 'logging_param', 'X_test', '_available_plots', '_internal_pipeline', 'target_param', 'imputation_regressor', 'fold_groups_param', 'USI', 'experiment__'}
2022-04-15 18:29:36,491:INFO:Preparing display monitor
2022-04-15 18:29:36,492:INFO:Preparing display monitor
2022-04-15 18:29:36,549:INFO:Importing libraries
2022-04-15 18:29:36,550:INFO:Copying data for preprocessing
2022-04-15 18:29:36,569:INFO:Declaring preprocessing parameters
2022-04-15 18:29:36,571:INFO:Creating preprocessing pipeline
2022-04-15 18:29:36,599:INFO:Preprocessing pipeline created successfully
2022-04-15 18:29:36,601:ERROR:(Process Exit): setup has been interupted with user command 'quit'. setup must rerun.
2022-04-15 18:29:36,601:INFO:Creating global containers
2022-04-15 18:29:36,602:INFO:Internal pipeline: Pipeline(memory=None, steps=[('empty_step', 'passthrough')], verbose=False)
2022-04-15 18:30:25,904:INFO:PyCaret Supervised Module
2022-04-15 18:30:25,905:INFO:ML Usecase: classification
2022-04-15 18:30:25,905:INFO:version 2.3.10
2022-04-15 18:30:25,905:INFO:Initializing setup()
2022-04-15 18:30:25,905:INFO:setup(target=text, ml_usecase=classification, available_plots={'parameter': 'Hyperparameters', 'auc': 'AUC', 'confusion_matrix': 'Confusion Matrix', 'threshold': 'Threshold', 'pr': 'Precision Recall', 'error': 'Prediction Error', 'class_report': 'Class Report', 'rfe': 'Feature Selection', 'learning': 'Learning Curve', 'manifold': 'Manifold Learning', 'calibration': 'Calibration Curve', 'vc': 'Validation Curve', 'dimension': 'Dimensions', 'feature': 'Feature Importance', 'feature_all': 'Feature Importance (All)', 'boundary': 'Decision Boundary', 'lift': 'Lift Chart', 'gain': 'Gain Chart', 'tree': 'Decision Tree', 'ks': 'KS Statistic Plot'}, train_size=0.7, test_data=None, preprocess=True, imputation_type=simple, iterative_imputation_iters=5, categorical_features=None, categorical_imputation=constant, categorical_iterative_imputer=lightgbm, ordinal_features=None, high_cardinality_features=None, high_cardinality_method=frequency, numeric_features=None, numeric_imputation=mean, numeric_iterative_imputer=lightgbm, date_features=None, ignore_features=None, normalize=False, normalize_method=zscore, transformation=False, transformation_method=yeo-johnson, handle_unknown_categorical=True, unknown_categorical_method=least_frequent, pca=False, pca_method=linear, pca_components=None, ignore_low_variance=False, combine_rare_levels=False, rare_level_threshold=0.1, bin_numeric_features=None, remove_outliers=False, outliers_threshold=0.05, remove_multicollinearity=False, multicollinearity_threshold=0.9, remove_perfect_collinearity=True, create_clusters=False, cluster_iter=20, polynomial_features=False, polynomial_degree=2, trigonometry_features=False, polynomial_threshold=0.1, group_features=None, group_names=None, feature_selection=False, feature_selection_threshold=0.8, feature_selection_method=classic, feature_interaction=False, feature_ratio=False, interaction_threshold=0.01, fix_imbalance=False, fix_imbalance_method=None, transform_target=False, transform_target_method=box-cox, data_split_shuffle=True, data_split_stratify=False, fold_strategy=stratifiedkfold, fold=10, fold_shuffle=False, fold_groups=None, n_jobs=-1, use_gpu=False, custom_pipeline=None, html=True, session_id=123, log_experiment=False, experiment_name=None, experiment_custom_tags=None, log_plots=False, log_profile=False, log_data=False, silent=False, verbose=True, profile=False, profile_kwargs=None, display=None)
2022-04-15 18:30:25,905:INFO:Checking environment
2022-04-15 18:30:25,905:INFO:python_version: 3.7.11
2022-04-15 18:30:25,905:INFO:python_build: ('default', 'Jul 27 2021 14:32:16')
2022-04-15 18:30:25,905:INFO:machine: x86_64
2022-04-15 18:30:25,905:INFO:platform: Linux-5.13.0-39-generic-x86_64-with-debian-bullseye-sid
2022-04-15 18:30:25,905:INFO:Memory: svmem(total=9185488896, available=7646187520, percent=16.8, used=1231147008, free=7246417920, active=323514368, inactive=1365082112, buffers=58589184, cached=649334784, shared=54009856, slab=140750848)
2022-04-15 18:30:25,906:INFO:Physical Core: 6
2022-04-15 18:30:25,906:INFO:Logical Core: 6
2022-04-15 18:30:25,906:INFO:Checking libraries
2022-04-15 18:30:25,906:INFO:pd==1.3.4
2022-04-15 18:30:25,906:INFO:numpy==1.20.0
2022-04-15 18:30:25,906:INFO:sklearn==0.23.2
2022-04-15 18:30:25,906:INFO:lightgbm==3.3.2
2022-04-15 18:30:25,907:WARNING:catboost not found
2022-04-15 18:30:25,907:WARNING:xgboost not found
2022-04-15 18:30:25,907:INFO:mlflow==1.25.1
2022-04-15 18:30:25,907:INFO:Checking Exceptions
2022-04-15 18:30:25,907:INFO:Declaring global variables
2022-04-15 18:30:25,907:INFO:USI: 37e0
2022-04-15 18:30:25,907:INFO:pycaret_globals: {'imputation_regressor', 'dashboard_logger', 'prep_pipe', 'y', 'imputation_classifier', 'fold_param', 'y_test', 'transform_target_param', 'logging_param', 'target_param', 'html_param', 'experiment__', 'fold_groups_param_full', '_all_models', 'fix_imbalance_param', 'X_test', 'pycaret_globals', '_internal_pipeline', 'fold_shuffle_param', 'gpu_param', '_all_models_internal', 'fix_imbalance_method_param', '_gpu_n_jobs_param', 'log_plots_param', '_available_plots', 'seed', 'X_train', 'X', '_all_metrics', 'exp_name_log', 'fold_generator', 'y_train', 'create_model_container', 'master_model_container', 'iterative_imputation_iters_param', 'transform_target_method_param', 'display_container', 'stratify_param', 'data_before_preprocess', 'n_jobs_param', 'fold_groups_param', '_ml_usecase', 'USI'}
2022-04-15 18:30:25,907:INFO:Preparing display monitor
2022-04-15 18:30:25,907:INFO:Preparing display monitor
2022-04-15 18:30:25,921:INFO:Importing libraries
2022-04-15 18:30:25,921:INFO:Copying data for preprocessing
2022-04-15 18:30:25,931:INFO:Declaring preprocessing parameters
2022-04-15 18:30:25,933:INFO:Creating preprocessing pipeline
2022-04-15 18:30:26,038:INFO:Preprocessing pipeline created successfully
2022-04-15 18:30:26,038:ERROR:(Process Exit): setup has been interupted with user command 'quit'. setup must rerun.
2022-04-15 18:30:26,039:INFO:Creating global containers
2022-04-15 18:30:26,040:INFO:Internal pipeline: Pipeline(memory=None, steps=[('empty_step', 'passthrough')], verbose=False)
2022-04-15 18:37:20,738:INFO:PyCaret Supervised Module
2022-04-15 18:37:20,739:INFO:ML Usecase: classification
2022-04-15 18:37:20,739:INFO:version 2.3.10
2022-04-15 18:37:20,739:INFO:Initializing setup()
2022-04-15 18:37:20,739:INFO:setup(target=text, ml_usecase=classification, available_plots={'parameter': 'Hyperparameters', 'auc': 'AUC', 'confusion_matrix': 'Confusion Matrix', 'threshold': 'Threshold', 'pr': 'Precision Recall', 'error': 'Prediction Error', 'class_report': 'Class Report', 'rfe': 'Feature Selection', 'learning': 'Learning Curve', 'manifold': 'Manifold Learning', 'calibration': 'Calibration Curve', 'vc': 'Validation Curve', 'dimension': 'Dimensions', 'feature': 'Feature Importance', 'feature_all': 'Feature Importance (All)', 'boundary': 'Decision Boundary', 'lift': 'Lift Chart', 'gain': 'Gain Chart', 'tree': 'Decision Tree', 'ks': 'KS Statistic Plot'}, train_size=0.7, test_data=None, preprocess=True, imputation_type=simple, iterative_imputation_iters=5, categorical_features=None, categorical_imputation=constant, categorical_iterative_imputer=lightgbm, ordinal_features=None, high_cardinality_features=None, high_cardinality_method=frequency, numeric_features=None, numeric_imputation=mean, numeric_iterative_imputer=lightgbm, date_features=None, ignore_features=None, normalize=False, normalize_method=zscore, transformation=False, transformation_method=yeo-johnson, handle_unknown_categorical=True, unknown_categorical_method=least_frequent, pca=False, pca_method=linear, pca_components=None, ignore_low_variance=False, combine_rare_levels=False, rare_level_threshold=0.1, bin_numeric_features=None, remove_outliers=False, outliers_threshold=0.05, remove_multicollinearity=False, multicollinearity_threshold=0.9, remove_perfect_collinearity=True, create_clusters=False, cluster_iter=20, polynomial_features=False, polynomial_degree=2, trigonometry_features=False, polynomial_threshold=0.1, group_features=None, group_names=None, feature_selection=False, feature_selection_threshold=0.8, feature_selection_method=classic, feature_interaction=False, feature_ratio=False, interaction_threshold=0.01, fix_imbalance=False, fix_imbalance_method=None, transform_target=False, transform_target_method=box-cox, data_split_shuffle=True, data_split_stratify=False, fold_strategy=stratifiedkfold, fold=10, fold_shuffle=False, fold_groups=None, n_jobs=-1, use_gpu=False, custom_pipeline=None, html=True, session_id=123, log_experiment=False, experiment_name=None, experiment_custom_tags=None, log_plots=False, log_profile=False, log_data=False, silent=False, verbose=True, profile=False, profile_kwargs=None, display=None)
2022-04-15 18:37:20,739:INFO:Checking environment
2022-04-15 18:37:20,739:INFO:python_version: 3.7.11
2022-04-15 18:37:20,739:INFO:python_build: ('default', 'Jul 27 2021 14:32:16')
2022-04-15 18:37:20,739:INFO:machine: x86_64
2022-04-15 18:37:20,739:INFO:platform: Linux-5.13.0-39-generic-x86_64-with-debian-bullseye-sid
2022-04-15 18:37:20,740:INFO:Memory: svmem(total=9185488896, available=7279300608, percent=20.8, used=1538158592, free=3855826944, active=658554880, inactive=4263149568, buffers=154087424, cached=3637415936, shared=54247424, slab=294506496)
2022-04-15 18:37:20,740:INFO:Physical Core: 6
2022-04-15 18:37:20,740:INFO:Logical Core: 6
2022-04-15 18:37:20,740:INFO:Checking libraries
2022-04-15 18:37:20,740:INFO:pd==1.3.4
2022-04-15 18:37:20,740:INFO:numpy==1.20.0
2022-04-15 18:37:20,740:INFO:sklearn==0.23.2
2022-04-15 18:37:20,740:INFO:lightgbm==3.3.2
2022-04-15 18:37:20,800:INFO:catboost==1.0.5
2022-04-15 18:37:20,800:INFO:xgboost==1.5.2
2022-04-15 18:37:20,800:INFO:mlflow==1.25.1
2022-04-15 18:37:20,800:INFO:Checking Exceptions
2022-04-15 18:37:20,800:INFO:Declaring global variables
2022-04-15 18:37:20,800:INFO:USI: 996c
2022-04-15 18:37:20,800:INFO:pycaret_globals: {'imputation_regressor', 'dashboard_logger', 'prep_pipe', 'y', 'imputation_classifier', 'fold_param', 'y_test', 'transform_target_param', 'logging_param', 'target_param', 'html_param', 'experiment__', 'fold_groups_param_full', '_all_models', 'fix_imbalance_param', 'X_test', 'pycaret_globals', '_internal_pipeline', 'fold_shuffle_param', 'gpu_param', '_all_models_internal', 'fix_imbalance_method_param', '_gpu_n_jobs_param', 'log_plots_param', '_available_plots', 'seed', 'X_train', 'X', '_all_metrics', 'exp_name_log', 'fold_generator', 'y_train', 'create_model_container', 'master_model_container', 'iterative_imputation_iters_param', 'transform_target_method_param', 'display_container', 'stratify_param', 'data_before_preprocess', 'n_jobs_param', 'fold_groups_param', '_ml_usecase', 'USI'}
2022-04-15 18:37:20,800:INFO:Preparing display monitor
2022-04-15 18:37:20,800:INFO:Preparing display monitor
2022-04-15 18:37:20,812:INFO:Importing libraries
2022-04-15 18:37:20,812:INFO:Copying data for preprocessing
2022-04-15 18:37:20,819:INFO:Declaring preprocessing parameters
2022-04-15 18:37:20,820:INFO:Creating preprocessing pipeline
2022-04-15 18:37:20,919:INFO:Preprocessing pipeline created successfully
2022-04-15 18:37:20,919:ERROR:(Process Exit): setup has been interupted with user command 'quit'. setup must rerun.
2022-04-15 18:37:20,919:INFO:Creating global containers
2022-04-15 18:37:20,919:INFO:Internal pipeline: Pipeline(memory=None, steps=[('empty_step', 'passthrough')], verbose=False)
2022-04-15 18:47:39,588:INFO:PyCaret Supervised Module
2022-04-15 18:47:39,589:INFO:ML Usecase: classification
2022-04-15 18:47:39,590:INFO:version 2.3.10
2022-04-15 18:47:39,590:INFO:Initializing setup()
2022-04-15 18:47:39,590:INFO:setup(target=text, ml_usecase=classification, available_plots={'parameter': 'Hyperparameters', 'auc': 'AUC', 'confusion_matrix': 'Confusion Matrix', 'threshold': 'Threshold', 'pr': 'Precision Recall', 'error': 'Prediction Error', 'class_report': 'Class Report', 'rfe': 'Feature Selection', 'learning': 'Learning Curve', 'manifold': 'Manifold Learning', 'calibration': 'Calibration Curve', 'vc': 'Validation Curve', 'dimension': 'Dimensions', 'feature': 'Feature Importance', 'feature_all': 'Feature Importance (All)', 'boundary': 'Decision Boundary', 'lift': 'Lift Chart', 'gain': 'Gain Chart', 'tree': 'Decision Tree', 'ks': 'KS Statistic Plot'}, train_size=0.7, test_data=None, preprocess=True, imputation_type=simple, iterative_imputation_iters=5, categorical_features=None, categorical_imputation=constant, categorical_iterative_imputer=lightgbm, ordinal_features=None, high_cardinality_features=None, high_cardinality_method=frequency, numeric_features=None, numeric_imputation=mean, numeric_iterative_imputer=lightgbm, date_features=None, ignore_features=None, normalize=False, normalize_method=zscore, transformation=False, transformation_method=yeo-johnson, handle_unknown_categorical=True, unknown_categorical_method=least_frequent, pca=False, pca_method=linear, pca_components=None, ignore_low_variance=False, combine_rare_levels=False, rare_level_threshold=0.1, bin_numeric_features=None, remove_outliers=False, outliers_threshold=0.05, remove_multicollinearity=False, multicollinearity_threshold=0.9, remove_perfect_collinearity=True, create_clusters=False, cluster_iter=20, polynomial_features=False, polynomial_degree=2, trigonometry_features=False, polynomial_threshold=0.1, group_features=None, group_names=None, feature_selection=False, feature_selection_threshold=0.8, feature_selection_method=classic, feature_interaction=False, feature_ratio=False, interaction_threshold=0.01, fix_imbalance=False, fix_imbalance_method=None, transform_target=False, transform_target_method=box-cox, data_split_shuffle=True, data_split_stratify=False, fold_strategy=stratifiedkfold, fold=10, fold_shuffle=False, fold_groups=None, n_jobs=-1, use_gpu=False, custom_pipeline=None, html=True, session_id=123, log_experiment=False, experiment_name=None, experiment_custom_tags=None, log_plots=False, log_profile=False, log_data=False, silent=False, verbose=True, profile=False, profile_kwargs=None, display=None)
2022-04-15 18:47:39,590:INFO:Checking environment
2022-04-15 18:47:39,590:INFO:python_version: 3.7.11
2022-04-15 18:47:39,590:INFO:python_build: ('default', 'Jul 27 2021 14:32:16')
2022-04-15 18:47:39,590:INFO:machine: x86_64
2022-04-15 18:47:39,590:INFO:platform: Linux-5.13.0-39-generic-x86_64-with-debian-bullseye-sid
2022-04-15 18:47:39,591:INFO:Memory: svmem(total=9185488896, available=7524761600, percent=18.1, used=1344765952, free=7181332480, active=691339264, inactive=1037316096, buffers=123846656, cached=535543808, shared=52748288, slab=162172928)
2022-04-15 18:47:39,592:INFO:Physical Core: 6
2022-04-15 18:47:39,592:INFO:Logical Core: 6
2022-04-15 18:47:39,592:INFO:Checking libraries
2022-04-15 18:47:39,592:INFO:pd==1.3.4
2022-04-15 18:47:39,592:INFO:numpy==1.20.0
2022-04-15 18:47:39,592:INFO:sklearn==0.23.2
2022-04-15 18:47:39,592:INFO:lightgbm==3.3.2
2022-04-15 18:47:39,592:INFO:catboost==1.0.5
2022-04-15 18:47:39,592:INFO:xgboost==1.5.2
2022-04-15 18:47:39,592:INFO:mlflow==1.25.1
2022-04-15 18:47:39,592:INFO:Checking Exceptions
2022-04-15 18:47:39,593:INFO:Declaring global variables
2022-04-15 18:47:39,593:INFO:USI: a7fd
2022-04-15 18:47:39,593:INFO:pycaret_globals: {'imputation_regressor', 'dashboard_logger', 'prep_pipe', 'y', 'imputation_classifier', 'fold_param', 'y_test', 'transform_target_param', 'logging_param', 'target_param', 'html_param', 'experiment__', 'fold_groups_param_full', '_all_models', 'fix_imbalance_param', 'X_test', 'pycaret_globals', '_internal_pipeline', 'fold_shuffle_param', 'gpu_param', '_all_models_internal', 'fix_imbalance_method_param', '_gpu_n_jobs_param', 'log_plots_param', '_available_plots', 'seed', 'X_train', 'X', '_all_metrics', 'exp_name_log', 'fold_generator', 'y_train', 'create_model_container', 'master_model_container', 'iterative_imputation_iters_param', 'transform_target_method_param', 'display_container', 'stratify_param', 'data_before_preprocess', 'n_jobs_param', 'fold_groups_param', '_ml_usecase', 'USI'}
2022-04-15 18:47:39,593:INFO:Preparing display monitor
2022-04-15 18:47:39,593:INFO:Preparing display monitor
2022-04-15 18:47:39,606:INFO:Importing libraries
2022-04-15 18:47:39,606:INFO:Copying data for preprocessing
2022-04-15 18:47:39,614:INFO:Declaring preprocessing parameters
2022-04-15 18:47:39,616:INFO:Creating preprocessing pipeline
2022-04-15 18:47:39,731:INFO:Preprocessing pipeline created successfully
2022-04-15 18:47:39,731:ERROR:(Process Exit): setup has been interupted with user command 'quit'. setup must rerun.
2022-04-15 18:47:39,731:INFO:Creating global containers
2022-04-15 18:47:39,731:INFO:Internal pipeline: Pipeline(memory=None, steps=[('empty_step', 'passthrough')], verbose=False)
2022-04-15 18:50:44,942:INFO:PyCaret NLP Module
2022-04-15 18:50:44,942:INFO:version 2.3.10
2022-04-15 18:50:44,942:INFO:Initializing setup()
2022-04-15 18:50:44,942:INFO:USI: 8447
2022-04-15 18:50:44,942:INFO:setup(data=(10000, 5), target=text, custom_stopwords=None, html=True, session_id=123, log_experiment=False,
                    experiment_name=None, log_plots=False, log_data=False, verbose=True)
2022-04-15 18:50:44,942:INFO:Checking environment
2022-04-15 18:50:44,942:INFO:python_version: 3.7.11
2022-04-15 18:50:44,942:INFO:python_build: ('default', 'Jul 27 2021 14:32:16')
2022-04-15 18:50:44,943:INFO:machine: x86_64
2022-04-15 18:50:44,943:INFO:platform: Linux-5.13.0-39-generic-x86_64-with-debian-bullseye-sid
2022-04-15 18:50:44,943:INFO:Memory: svmem(total=9185488896, available=7421026304, percent=19.2, used=1452425216, free=6751588352, active=1178542080, inactive=975249408, buffers=45834240, cached=935641088, shared=49041408, slab=164540416)
2022-04-15 18:50:44,943:INFO:Physical Core: 6
2022-04-15 18:50:44,944:INFO:Logical Core: 6
2022-04-15 18:50:44,944:INFO:Checking libraries
2022-04-15 18:50:44,944:INFO:pd==1.3.4
2022-04-15 18:50:44,944:INFO:numpy==1.20.0
2022-04-15 18:50:45,821:INFO:gensim==3.8.3
2022-04-15 18:50:45,821:INFO:spacy==2.3.0
2022-04-15 18:50:46,558:INFO:nltk==3.7
2022-04-15 18:50:46,592:INFO:textblob==0.17.1
2022-04-15 18:50:46,628:INFO:pyLDAvis==3.2.2
2022-04-15 18:50:46,642:INFO:wordcloud==1.8.1
2022-04-15 18:50:46,643:INFO:mlflow==1.25.1
2022-04-15 18:50:46,643:INFO:Checking Exceptions
2022-04-15 18:50:49,473:INFO:Preloading libraries
2022-04-15 18:50:49,474:INFO:Preparing display monitor
2022-04-15 18:50:49,490:INFO:Importing libraries
2022-04-15 18:50:49,490:INFO:Declaring global variables
2022-04-15 18:50:49,491:INFO:Input provided : dataframe
2022-04-15 18:50:49,491:INFO:session_id set to : 123
2022-04-15 18:50:49,491:INFO:Copying training dataset
2022-04-15 18:50:49,494:INFO:Importing stopwords from nltk
2022-04-15 18:50:49,735:INFO:No custom stopwords defined
2022-04-15 18:50:49,736:INFO:Removing numeric characters from the text
2022-04-15 18:50:52,165:INFO:Removing special characters from the text
2022-04-15 18:50:58,822:INFO:Tokenizing Words
2022-04-15 18:51:12,669:INFO:Removing stopwords
2022-04-15 18:51:20,241:INFO:Extracting Bigrams
2022-04-15 18:51:47,295:INFO:Extracting Trigrams
2022-04-15 18:52:32,586:INFO:Lemmatizing tokens
2022-04-15 18:55:31,322:INFO:Removing stopwords after lemmatizing
2022-04-15 18:55:35,411:INFO:Creating corpus and dictionary
2022-04-15 18:55:39,582:INFO:Compiling processed text
2022-04-15 18:55:39,634:INFO:Compiling information grid
2022-04-15 18:55:39,640:INFO:setup() succesfully completed......................................
2022-04-15 19:01:54,125:INFO:Initializing create_model()
2022-04-15 19:01:54,126:INFO:create_model(model=lda, multi_core=True, num_topics=None, verbose=True, system=True)
2022-04-15 19:01:54,126:INFO:Checking exceptions
2022-04-15 19:01:54,126:INFO:Preloading libraries
2022-04-15 19:01:54,126:INFO:Preparing display monitor
2022-04-15 19:01:54,144:INFO:Defining topic model
2022-04-15 19:01:54,144:INFO:Model: Latent Dirichlet Allocation
2022-04-15 19:01:54,144:INFO:Defining num_topics parameter
2022-04-15 19:01:54,144:INFO:num_topics set to: 4
2022-04-15 19:01:54,149:INFO:LDA multi_core enabled
2022-04-15 19:01:54,149:INFO:LdaMulticore imported successfully
2022-04-15 19:02:29,118:INFO:LdaMulticore trained successfully
2022-04-15 19:02:29,121:INFO:LdaModel(num_terms=35185, num_topics=4, decay=0.5, chunksize=100)
2022-04-15 19:02:29,121:INFO:create_model() succesfully completed......................................
2022-04-15 19:04:33,569:INFO:Initializing assign_model()
2022-04-15 19:04:33,570:INFO:assign_model(model=LdaModel(num_terms=35185, num_topics=4, decay=0.5, chunksize=100), verbose=True)
2022-04-15 19:04:33,570:INFO:Determining model type
2022-04-15 19:04:33,570:INFO:model type: lda
2022-04-15 19:04:33,570:INFO:Checking exceptions
2022-04-15 19:04:33,570:INFO:Preloading libraries
2022-04-15 19:04:33,570:INFO:Preparing display monitor
2022-04-15 19:04:43,631:INFO:(10000, 11)
2022-04-15 19:04:43,631:INFO:assign_model() succesfully completed......................................
2022-04-15 19:05:00,340:INFO:Initializing plot_model()
2022-04-15 19:05:00,341:INFO:plot_model(model=LdaModel(num_terms=35185, num_topics=4, decay=0.5, chunksize=100), plot=topic_distributin, topic_num=None, save=False, system=True)
2022-04-15 19:05:00,341:INFO:Topic selected. topic_num : Topic 0
2022-04-15 19:05:00,341:INFO:Checking exceptions
2022-04-15 19:05:11,799:INFO:Initializing plot_model()
2022-04-15 19:05:11,799:INFO:plot_model(model=LdaModel(num_terms=35185, num_topics=4, decay=0.5, chunksize=100), plot=topic_distribution, topic_num=None, save=False, system=True)
2022-04-15 19:05:11,799:INFO:Topic selected. topic_num : Topic 0
2022-04-15 19:05:11,799:INFO:Checking exceptions
2022-04-15 19:05:11,799:INFO:Importing libraries
2022-04-15 19:05:12,142:INFO:save_param set to False
2022-04-15 19:05:12,142:INFO:plot type: topic_distribution
2022-04-15 19:05:12,146:INFO:SubProcess assign_model() called ==================================
2022-04-15 19:05:12,147:INFO:Initializing assign_model()
2022-04-15 19:05:12,147:INFO:assign_model(model=LdaModel(num_terms=35185, num_topics=4, decay=0.5, chunksize=100), verbose=False)
2022-04-15 19:05:12,147:INFO:Determining model type
2022-04-15 19:05:12,147:INFO:model type: lda
2022-04-15 19:05:12,147:INFO:Checking exceptions
2022-04-15 19:05:12,147:INFO:Preloading libraries
2022-04-15 19:05:12,147:INFO:Preparing display monitor
2022-04-15 19:05:21,301:INFO:(10000, 11)
2022-04-15 19:05:21,301:INFO:assign_model() succesfully completed......................................
2022-04-15 19:05:21,306:INFO:SubProcess assign_model() end ==================================
2022-04-15 19:05:21,350:INFO:Sorting Dataframe
2022-04-15 19:05:21,352:INFO:Rendering Visual
2022-04-15 19:05:22,116:INFO:Visual Rendered Successfully
2022-04-15 19:05:22,116:INFO:plot_model() succesfully completed......................................
2022-04-15 19:06:17,034:INFO:Initializing plot_model()
2022-04-15 19:06:17,034:INFO:plot_model(model=LdaModel(num_terms=35185, num_topics=4, decay=0.5, chunksize=100), plot=wordcloud, topic_num=None, save=False, system=True)
2022-04-15 19:06:17,034:INFO:Topic selected. topic_num : Topic 0
2022-04-15 19:06:17,034:INFO:Checking exceptions
2022-04-15 19:06:17,034:INFO:Importing libraries
2022-04-15 19:06:17,039:INFO:save_param set to False
2022-04-15 19:06:17,039:INFO:plot type: wordcloud
2022-04-15 19:06:17,039:INFO:SubProcess assign_model() called ==================================
2022-04-15 19:06:17,039:INFO:Initializing assign_model()
2022-04-15 19:06:17,039:INFO:assign_model(model=LdaModel(num_terms=35185, num_topics=4, decay=0.5, chunksize=100), verbose=False)
2022-04-15 19:06:17,039:INFO:Determining model type
2022-04-15 19:06:17,039:INFO:model type: lda
2022-04-15 19:06:17,039:INFO:Checking exceptions
2022-04-15 19:06:17,039:INFO:Preloading libraries
2022-04-15 19:06:17,039:INFO:Preparing display monitor
2022-04-15 19:06:27,054:INFO:(10000, 11)
2022-04-15 19:06:27,054:INFO:assign_model() succesfully completed......................................
2022-04-15 19:06:27,058:INFO:SubProcess assign_model() end ==================================
2022-04-15 19:06:27,068:INFO:Fitting WordCloud()
2022-04-15 19:06:31,049:INFO:Rendering Visual
2022-04-15 19:06:31,196:INFO:Visual Rendered Successfully
2022-04-15 19:06:31,196:INFO:plot_model() succesfully completed......................................
2022-04-15 19:06:48,082:INFO:Initializing plot_model()
2022-04-15 19:06:48,082:INFO:plot_model(model=LdaModel(num_terms=35185, num_topics=4, decay=0.5, chunksize=100), plot=tnse, topic_num=None, save=False, system=True)
2022-04-15 19:06:48,082:INFO:Topic selected. topic_num : Topic 0
2022-04-15 19:06:48,082:INFO:Checking exceptions
2022-04-15 19:06:58,018:INFO:Initializing plot_model()
2022-04-15 19:06:58,018:INFO:plot_model(model=LdaModel(num_terms=35185, num_topics=4, decay=0.5, chunksize=100), plot=tsne, topic_num=None, save=False, system=True)
2022-04-15 19:06:58,018:INFO:Topic selected. topic_num : Topic 0
2022-04-15 19:06:58,018:INFO:Checking exceptions
2022-04-15 19:06:58,018:INFO:Importing libraries
2022-04-15 19:06:58,024:INFO:save_param set to False
2022-04-15 19:06:58,024:INFO:plot type: tsne
2022-04-15 19:06:58,024:INFO:SubProcess assign_model() called ==================================
2022-04-15 19:06:58,024:INFO:Initializing assign_model()
2022-04-15 19:06:58,024:INFO:assign_model(model=LdaModel(num_terms=35185, num_topics=4, decay=0.5, chunksize=100), verbose=False)
2022-04-15 19:06:58,024:INFO:Determining model type
2022-04-15 19:06:58,024:INFO:model type: lda
2022-04-15 19:06:58,024:INFO:Checking exceptions
2022-04-15 19:06:58,024:INFO:Preloading libraries
2022-04-15 19:06:58,024:INFO:Preparing display monitor
2022-04-15 19:07:07,191:INFO:(10000, 11)
2022-04-15 19:07:07,191:INFO:assign_model() succesfully completed......................................
2022-04-15 19:07:07,195:INFO:SubProcess assign_model() end ==================================
2022-04-15 19:07:07,210:INFO:Fitting TSNE()
2022-04-15 19:08:19,693:INFO:Sorting Dataframe
2022-04-15 19:08:19,708:INFO:Rendering Visual
2022-04-15 19:08:19,926:INFO:Visual Rendered Successfully
2022-04-15 19:08:19,927:INFO:plot_model() succesfully completed......................................
2022-04-15 19:11:36,053:INFO:Initializing plot_model()
2022-04-15 19:11:36,053:INFO:plot_model(model=LdaModel(num_terms=35185, num_topics=4, decay=0.5, chunksize=100), plot=topic_model, topic_num=None, save=False, system=True)
2022-04-15 19:11:36,053:INFO:Topic selected. topic_num : Topic 0
2022-04-15 19:11:36,053:INFO:Checking exceptions
2022-04-15 19:11:36,053:INFO:Importing libraries
2022-04-15 19:11:36,055:INFO:save_param set to False
2022-04-15 19:11:36,055:INFO:plot type: topic_model
2022-04-15 19:11:36,069:INFO:Preparing pyLDAvis visual
2022-04-15 19:11:43,381:INFO:Visual Rendered Successfully
2022-04-15 19:11:43,381:INFO:plot_model() succesfully completed......................................
2022-04-16 19:58:39,245:INFO:PyCaret NLP Module
2022-04-16 19:58:39,245:INFO:version 2.3.10
2022-04-16 19:58:39,245:INFO:Initializing setup()
2022-04-16 19:58:39,245:INFO:USI: bbe6
2022-04-16 19:58:39,246:INFO:setup(data=(10000, 5), target=text, custom_stopwords=None, html=True, session_id=123, log_experiment=False,
                    experiment_name=None, log_plots=False, log_data=False, verbose=True)
2022-04-16 19:58:39,246:INFO:Checking environment
2022-04-16 19:58:39,246:INFO:python_version: 3.7.11
2022-04-16 19:58:39,246:INFO:python_build: ('default', 'Jul 27 2021 14:32:16')
2022-04-16 19:58:39,246:INFO:machine: x86_64
2022-04-16 19:58:39,246:INFO:platform: Linux-5.13.0-39-generic-x86_64-with-debian-bullseye-sid
2022-04-16 19:58:39,246:INFO:Memory: svmem(total=9185472512, available=5823873024, percent=36.6, used=3013791744, free=1939566592, active=870039552, inactive=6020972544, buffers=175079424, cached=4057034752, shared=53415936, slab=240177152)
2022-04-16 19:58:39,246:INFO:Physical Core: 6
2022-04-16 19:58:39,246:INFO:Logical Core: 6
2022-04-16 19:58:39,246:INFO:Checking libraries
2022-04-16 19:58:39,246:INFO:pd==1.3.4
2022-04-16 19:58:39,246:INFO:numpy==1.19.5
2022-04-16 19:58:40,003:INFO:gensim==3.8.3
2022-04-16 19:58:40,003:INFO:spacy==2.3.0
2022-04-16 19:58:40,312:INFO:nltk==3.7
2022-04-16 19:58:40,339:INFO:textblob==0.17.1
2022-04-16 19:58:40,363:INFO:pyLDAvis==3.2.2
2022-04-16 19:58:40,373:INFO:wordcloud==1.8.1
2022-04-16 19:58:40,373:INFO:mlflow==1.25.1
2022-04-16 19:58:40,373:INFO:Checking Exceptions
2022-04-16 19:58:41,259:INFO:Preloading libraries
2022-04-16 19:58:41,259:INFO:Preparing display monitor
2022-04-16 19:58:41,272:INFO:Importing libraries
2022-04-16 19:58:41,272:INFO:Declaring global variables
2022-04-16 19:58:41,273:INFO:Input provided : dataframe
2022-04-16 19:58:41,273:INFO:session_id set to : 123
2022-04-16 19:58:41,273:INFO:Copying training dataset
2022-04-16 19:58:41,274:INFO:Importing stopwords from nltk
2022-04-16 19:58:41,334:INFO:No custom stopwords defined
2022-04-16 19:58:41,335:INFO:Removing numeric characters from the text
2022-04-16 19:58:42,450:INFO:Removing special characters from the text
2022-04-16 19:58:48,836:INFO:Tokenizing Words
2022-04-16 19:59:02,470:INFO:Removing stopwords
2022-04-16 19:59:09,991:INFO:Extracting Bigrams
2022-04-16 19:59:35,909:INFO:Extracting Trigrams
2022-04-16 20:00:19,308:INFO:Lemmatizing tokens
2022-04-16 20:03:10,279:INFO:Removing stopwords after lemmatizing
2022-04-16 20:03:14,286:INFO:Creating corpus and dictionary
2022-04-16 20:03:18,223:INFO:Compiling processed text
2022-04-16 20:03:18,270:INFO:Compiling information grid
2022-04-16 20:03:18,274:INFO:setup() succesfully completed......................................
2022-04-16 20:03:18,279:INFO:Initializing create_model()
2022-04-16 20:03:18,279:INFO:create_model(model=lda, multi_core=True, num_topics=None, verbose=True, system=True)
2022-04-16 20:03:18,279:INFO:Checking exceptions
2022-04-16 20:03:18,279:INFO:Preloading libraries
2022-04-16 20:03:18,280:INFO:Preparing display monitor
2022-04-16 20:03:18,296:INFO:Defining topic model
2022-04-16 20:03:18,297:INFO:Model: Latent Dirichlet Allocation
2022-04-16 20:03:18,297:INFO:Defining num_topics parameter
2022-04-16 20:03:18,297:INFO:num_topics set to: 4
2022-04-16 20:03:18,301:INFO:LDA multi_core enabled
2022-04-16 20:03:18,301:INFO:LdaMulticore imported successfully
2022-04-16 20:03:50,594:INFO:LdaMulticore trained successfully
2022-04-16 20:03:50,596:INFO:LdaModel(num_terms=35185, num_topics=4, decay=0.5, chunksize=100)
2022-04-16 20:03:50,596:INFO:create_model() succesfully completed......................................
2022-04-16 20:03:50,602:INFO:Initializing assign_model()
2022-04-16 20:03:50,602:INFO:assign_model(model=LdaModel(num_terms=35185, num_topics=4, decay=0.5, chunksize=100), verbose=True)
2022-04-16 20:03:50,602:INFO:Determining model type
2022-04-16 20:03:50,602:INFO:model type: lda
2022-04-16 20:03:50,602:INFO:Checking exceptions
2022-04-16 20:03:50,603:INFO:Preloading libraries
2022-04-16 20:03:50,603:INFO:Preparing display monitor
2022-04-16 20:03:59,861:INFO:(10000, 11)
2022-04-16 20:03:59,861:INFO:assign_model() succesfully completed......................................
2022-04-16 20:03:59,874:INFO:Initializing plot_model()
2022-04-16 20:03:59,875:INFO:plot_model(model=LdaModel(num_terms=35185, num_topics=4, decay=0.5, chunksize=100), plot=topic_distribution, topic_num=None, save=False, system=True)
2022-04-16 20:03:59,875:INFO:Topic selected. topic_num : Topic 0
2022-04-16 20:03:59,875:INFO:Checking exceptions
2022-04-16 20:03:59,875:INFO:Importing libraries
2022-04-16 20:04:01,009:INFO:save_param set to False
2022-04-16 20:04:01,009:INFO:plot type: topic_distribution
2022-04-16 20:04:01,013:INFO:SubProcess assign_model() called ==================================
2022-04-16 20:04:01,013:INFO:Initializing assign_model()
2022-04-16 20:04:01,013:INFO:assign_model(model=LdaModel(num_terms=35185, num_topics=4, decay=0.5, chunksize=100), verbose=False)
2022-04-16 20:04:01,013:INFO:Determining model type
2022-04-16 20:04:01,013:INFO:model type: lda
2022-04-16 20:04:01,013:INFO:Checking exceptions
2022-04-16 20:04:01,013:INFO:Preloading libraries
2022-04-16 20:04:01,013:INFO:Preparing display monitor
2022-04-16 20:04:10,179:INFO:(10000, 11)
2022-04-16 20:04:10,179:INFO:assign_model() succesfully completed......................................
2022-04-16 20:04:10,186:INFO:SubProcess assign_model() end ==================================
2022-04-16 20:04:10,197:INFO:Sorting Dataframe
2022-04-16 20:04:10,198:INFO:Rendering Visual
2022-04-16 20:04:10,800:INFO:Visual Rendered Successfully
2022-04-16 20:04:10,800:INFO:plot_model() succesfully completed......................................
2022-04-16 20:04:10,807:INFO:Initializing plot_model()
2022-04-16 20:04:10,807:INFO:plot_model(model=LdaModel(num_terms=35185, num_topics=4, decay=0.5, chunksize=100), plot=wordcloud, topic_num=None, save=False, system=True)
2022-04-16 20:04:10,807:INFO:Topic selected. topic_num : Topic 0
2022-04-16 20:04:10,807:INFO:Checking exceptions
2022-04-16 20:04:10,807:INFO:Importing libraries
2022-04-16 20:04:10,814:INFO:save_param set to False
2022-04-16 20:04:10,814:INFO:plot type: wordcloud
2022-04-16 20:04:10,814:INFO:SubProcess assign_model() called ==================================
2022-04-16 20:04:10,815:INFO:Initializing assign_model()
2022-04-16 20:04:10,815:INFO:assign_model(model=LdaModel(num_terms=35185, num_topics=4, decay=0.5, chunksize=100), verbose=False)
2022-04-16 20:04:10,815:INFO:Determining model type
2022-04-16 20:04:10,815:INFO:model type: lda
2022-04-16 20:04:10,815:INFO:Checking exceptions
2022-04-16 20:04:10,815:INFO:Preloading libraries
2022-04-16 20:04:10,815:INFO:Preparing display monitor
2022-04-16 20:04:20,514:INFO:(10000, 11)
2022-04-16 20:04:20,514:INFO:assign_model() succesfully completed......................................
2022-04-16 20:04:20,521:INFO:SubProcess assign_model() end ==================================
2022-04-16 20:04:20,525:INFO:Fitting WordCloud()
2022-04-16 20:04:24,080:INFO:Rendering Visual
2022-04-16 20:04:24,213:INFO:Visual Rendered Successfully
2022-04-16 20:04:24,213:INFO:plot_model() succesfully completed......................................
2022-04-16 20:04:24,221:INFO:Initializing plot_model()
2022-04-16 20:04:24,221:INFO:plot_model(model=LdaModel(num_terms=35185, num_topics=4, decay=0.5, chunksize=100), plot=topic_model, topic_num=None, save=False, system=True)
2022-04-16 20:04:24,221:INFO:Topic selected. topic_num : Topic 0
2022-04-16 20:04:24,221:INFO:Checking exceptions
2022-04-16 20:04:24,221:INFO:Importing libraries
2022-04-16 20:04:24,224:INFO:save_param set to False
2022-04-16 20:04:24,224:INFO:plot type: topic_model
2022-04-16 20:04:24,235:INFO:Preparing pyLDAvis visual
2022-04-16 20:04:31,202:INFO:Visual Rendered Successfully
2022-04-16 20:04:31,202:INFO:plot_model() succesfully completed......................................
2022-04-16 20:41:49,800:INFO:Initializing plot_model()
2022-04-16 20:41:49,800:INFO:plot_model(model=LdaModel(num_terms=35185, num_topics=4, decay=0.5, chunksize=100), plot=bigram, topic_num=None, save=False, system=True)
2022-04-16 20:41:49,800:INFO:Topic selected. topic_num : Topic 0
2022-04-16 20:41:49,800:INFO:Checking exceptions
2022-04-16 20:41:49,800:INFO:Importing libraries
2022-04-16 20:41:49,805:INFO:save_param set to False
2022-04-16 20:41:49,805:INFO:plot type: bigram
2022-04-16 20:41:49,805:INFO:SubProcess assign_model() called ==================================
2022-04-16 20:41:49,806:INFO:Initializing assign_model()
2022-04-16 20:41:49,806:INFO:assign_model(model=LdaModel(num_terms=35185, num_topics=4, decay=0.5, chunksize=100), verbose=False)
2022-04-16 20:41:49,806:INFO:Determining model type
2022-04-16 20:41:49,806:INFO:model type: lda
2022-04-16 20:41:49,806:INFO:Checking exceptions
2022-04-16 20:41:49,806:INFO:Preloading libraries
2022-04-16 20:41:49,806:INFO:Preparing display monitor
2022-04-16 20:41:59,271:INFO:(10000, 11)
2022-04-16 20:41:59,271:INFO:assign_model() succesfully completed......................................
2022-04-16 20:41:59,281:INFO:SubProcess assign_model() end ==================================
2022-04-16 20:41:59,285:INFO:Fitting CountVectorizer()
2022-04-16 20:42:02,070:INFO:Rendering Visual
2022-04-16 20:42:02,145:INFO:Visual Rendered Successfully
2022-04-16 20:42:02,145:INFO:plot_model() succesfully completed......................................
